<?xml version="1.0" encoding="UTF-8"?>
<!-- Generated by org.testng.reporters.JUnitReportReporter -->
<testsuite hostname="DESKTOP-CJN9AFV" failures="0" tests="2" name="ex_05_TestNGExamples.parallel.method_level.LoginTest" time="0.118" errors="0" timestamp="2025-08-24T09:44:44 IST" skipped="0">
  <testcase classname="ex_05_TestNGExamples.parallel.method_level.LoginTest" name="invalidLogin" time="0.112"/>
  <testcase classname="ex_05_TestNGExamples.parallel.method_level.LoginTest" name="validLogin" time="0.006"/>
</testsuite> <!-- ex_05_TestNGExamples.parallel.method_level.LoginTest -->
