<?xml version="1.0" encoding="UTF-8"?>
<!-- Generated by org.testng.reporters.JUnitReportReporter -->
<testsuite hostname="DESKTOP-CJN9AFV" failures="0" tests="1" name="ex_04_RestAssured_HTTP_Methods.POST.APITesting011_POST_BDDStyle" time="3.933" errors="0" timestamp="2025-08-23T18:37:38 IST" skipped="0">
  <testcase classname="ex_04_RestAssured_HTTP_Methods.POST.APITesting011_POST_BDDStyle" name="test_POST_Auth" time="3.933"/>
</testsuite> <!-- ex_04_RestAssured_HTTP_Methods.POST.APITesting011_POST_BDDStyle -->
