<?xml version="1.0" encoding="UTF-8"?>
<!-- Generated by org.testng.reporters.JUnitReportReporter -->
<testsuite hostname="DESKTOP-CJN9AFV" failures="0" tests="4" name="ex_05_TestNGExamples.APITesting016_TestNG_Priority" time="0.110" errors="0" timestamp="2025-08-23T23:22:20 IST" skipped="0">
  <testcase classname="ex_05_TestNGExamples.APITesting016_TestNG_Priority" name="test_t1" time="0.092"/>
  <testcase classname="ex_05_TestNGExamples.APITesting016_TestNG_Priority" name="test_t3" time="0.005"/>
  <testcase classname="ex_05_TestNGExamples.APITesting016_TestNG_Priority" name="test_t2" time="0.008"/>
  <testcase classname="ex_05_TestNGExamples.APITesting016_TestNG_Priority" name="test_t4" time="0.005"/>
</testsuite> <!-- ex_05_TestNGExamples.APITesting016_TestNG_Priority -->
