<?xml version="1.0" encoding="UTF-8"?>
<!-- Generated by org.testng.reporters.JUnitReportReporter -->
<testsuite hostname="DESKTOP-CJN9AFV" failures="0" tests="1" name="ex_06_TestAssetions.APITesting027_RestAssured_TestNG_AssertJ_Assertions" time="4.856" errors="0" timestamp="2025-08-26T00:25:42 IST" skipped="0">
  <testcase classname="ex_06_TestAssetions.APITesting027_RestAssured_TestNG_AssertJ_Assertions" name="test_POST" time="4.856"/>
</testsuite> <!-- ex_06_TestAssetions.APITesting027_RestAssured_TestNG_AssertJ_Assertions -->
