<?xml version="1.0" encoding="UTF-8"?>
<!-- Generated by org.testng.reporters.JUnitReportReporter -->
<testsuite hostname="DESKTOP-CJN9AFV" failures="0" tests="1" name="ex_04_RestAssured_HTTP_Methods.GET.APITesting008_GET_BDDStyle" time="2.877" errors="0" timestamp="2025-08-23T17:04:47 IST" skipped="0">
  <testcase classname="ex_04_RestAssured_HTTP_Methods.GET.APITesting008_GET_BDDStyle" name="test_GET_Request" time="2.877"/>
</testsuite> <!-- ex_04_RestAssured_HTTP_Methods.GET.APITesting008_GET_BDDStyle -->
