<?xml version="1.0" encoding="UTF-8"?>
<!-- Generated by org.testng.reporters.JUnitReportReporter -->
<testsuite hostname="DESKTOP-CJN9AFV" failures="0" tests="1" name="ex_06_TestAssetions.APITesting025_RestAsssured_Assertions" time="4.567" errors="0" timestamp="2025-08-25T23:18:51 IST" skipped="0">
  <testcase classname="ex_06_TestAssetions.APITesting025_RestAsssured_Assertions" name="test_createBooking_POST" time="4.567"/>
</testsuite> <!-- ex_06_TestAssetions.APITesting025_RestAsssured_Assertions -->
