<?xml version="1.0" encoding="UTF-8"?>
<!-- Generated by org.testng.reporters.JUnitReportReporter -->
<testsuite hostname="DESKTOP-CJN9AFV" failures="0" tests="2" name="ex_05_TestNGExamples.parallel.LoginTest" time="0.404" errors="0" timestamp="2025-08-24T09:37:54 IST" skipped="0">
  <testcase classname="ex_05_TestNGExamples.parallel.LoginTest" name="invalidLogin" time="0.201"/>
  <testcase classname="ex_05_TestNGExamples.parallel.LoginTest" name="validLogin" time="0.203"/>
</testsuite> <!-- ex_05_TestNGExamples.parallel.LoginTest -->
