<?xml version="1.0" encoding="UTF-8"?>
<!-- Generated by org.testng.reporters.JUnitReportReporter -->
<testsuite hostname="DESKTOP-CJN9AFV" failures="0" tests="1" name="ex_05_TestNGExamples.APITesting023_All_Annotations" time="0.083" errors="0" timestamp="2025-08-24T00:28:10 IST" skipped="0">
  <testcase classname="ex_05_TestNGExamples.APITesting023_All_Annotations" name="demo5" time="0.083"/>
</testsuite> <!-- ex_05_TestNGExamples.APITesting023_All_Annotations -->
