<?xml version="1.0" encoding="UTF-8"?>
<!-- Generated by org.testng.reporters.JUnitReportReporter -->
<testsuite hostname="DESKTOP-CJN9AFV" failures="0" tests="1" name="ex_04_RestAssured_HTTP_Methods.DELETE.APITesting013_DELETE_NONBddStyle" time="4.729" errors="0" timestamp="2025-08-23T19:24:32 IST" skipped="0">
  <testcase classname="ex_04_RestAssured_HTTP_Methods.DELETE.APITesting013_DELETE_NONBddStyle" name="test_delete_non_bdd" time="4.729"/>
</testsuite> <!-- ex_04_RestAssured_HTTP_Methods.DELETE.APITesting013_DELETE_NONBddStyle -->
