<?xml version="1.0" encoding="UTF-8"?>
<!-- Generated by org.testng.reporters.JUnitReportReporter -->
<testsuite hostname="DESKTOP-CJN9AFV" failures="0" tests="5" name="ex_05_TestNGExamples.APITesting022_TestNG_invocationCount" time="0.097" errors="0" timestamp="2025-08-24T00:23:26 IST" skipped="0">
  <testcase classname="ex_05_TestNGExamples.APITesting022_TestNG_invocationCount" name="test02" time="0.006"/>
  <testcase classname="ex_05_TestNGExamples.APITesting022_TestNG_invocationCount" name="test01" time="0.076"/>
  <testcase classname="ex_05_TestNGExamples.APITesting022_TestNG_invocationCount" name="test02" time="0.004"/>
  <testcase classname="ex_05_TestNGExamples.APITesting022_TestNG_invocationCount" name="test01" time="0.007"/>
  <testcase classname="ex_05_TestNGExamples.APITesting022_TestNG_invocationCount" name="test02" time="0.004"/>
</testsuite> <!-- ex_05_TestNGExamples.APITesting022_TestNG_invocationCount -->
