<?xml version="1.0" encoding="UTF-8"?>
<!-- Generated by org.testng.reporters.JUnitReportReporter -->
<testsuite hostname="DESKTOP-CJN9AFV" failures="0" tests="6" name="ex_00_Task.Lab_8August.Restful_Booker_Common_HTTP_Methods_E2E_1" time="12.770" errors="0" timestamp="2025-08-25T22:46:16 IST" skipped="0">
  <testcase classname="ex_00_Task.Lab_8August.Restful_Booker_Common_HTTP_Methods_E2E_1" name="createAuthToken" time="6.157"/>
  <testcase classname="ex_00_Task.Lab_8August.Restful_Booker_Common_HTTP_Methods_E2E_1" name="createBooking" time="1.323"/>
  <testcase classname="ex_00_Task.Lab_8August.Restful_Booker_Common_HTTP_Methods_E2E_1" name="updateBookingById" time="1.335"/>
  <testcase classname="ex_00_Task.Lab_8August.Restful_Booker_Common_HTTP_Methods_E2E_1" name="getBookingById" time="1.215"/>
  <testcase classname="ex_00_Task.Lab_8August.Restful_Booker_Common_HTTP_Methods_E2E_1" name="partialUpdateBooking" time="1.335"/>
  <testcase classname="ex_00_Task.Lab_8August.Restful_Booker_Common_HTTP_Methods_E2E_1" name="deleteBookingById" time="1.405"/>
</testsuite> <!-- ex_00_Task.Lab_8August.Restful_Booker_Common_HTTP_Methods_E2E_1 -->
