<?xml version="1.0" encoding="UTF-8"?>
<!-- Generated by org.testng.reporters.JUnitReportReporter -->
<testsuite hostname="DESKTOP-CJN9AFV" failures="0" tests="1" name="ex_07_Payload_management.Map.APITesting028_RestAssured_Payload_Map" time="4.497" errors="0" timestamp="2025-08-27T11:11:37 IST" skipped="0">
  <testcase classname="ex_07_Payload_management.Map.APITesting028_RestAssured_Payload_Map" name="test_POST" time="4.497"/>
</testsuite> <!-- ex_07_Payload_management.Map.APITesting028_RestAssured_Payload_Map -->
