<?xml version="1.0" encoding="UTF-8"?>
<!-- Generated by org.testng.reporters.JUnitReportReporter -->
<testsuite hostname="DESKTOP-CJN9AFV" failures="0" tests="1" name="ex_07_Payload_management.String.APITesting027_1_RestAssured_TestNG_AssertJ_Assertions" time="3.428" errors="0" timestamp="2025-08-26T23:27:04 IST" skipped="0">
  <testcase classname="ex_07_Payload_management.String.APITesting027_1_RestAssured_TestNG_AssertJ_Assertions" name="test_POST" time="3.428"/>
</testsuite> <!-- ex_07_Payload_management.String.APITesting027_1_RestAssured_TestNG_AssertJ_Assertions -->
