<?xml version="1.0" encoding="UTF-8"?>
<!-- Generated by org.testng.reporters.JUnitReportReporter -->
<testsuite hostname="DESKTOP-CJN9AFV" failures="0" tests="3" name="ex_05_TestNGExamples.APITesting020_TestNG_Enabled" time="0.023" errors="0" timestamp="2025-08-24T00:21:08 IST" skipped="1">
  <testcase classname="ex_05_TestNGExamples.APITesting020_TestNG_Enabled" name="test01" time="0.020"/>
  <testcase classname="ex_05_TestNGExamples.APITesting020_TestNG_Enabled" name="test03" time="0.003"/>
  <testcase classname="ex_05_TestNGExamples.APITesting020_TestNG_Enabled" name="test02">
    <skipped/>
  </testcase> <!-- test02 -->
</testsuite> <!-- ex_05_TestNGExamples.APITesting020_TestNG_Enabled -->
