<?xml version="1.0" encoding="UTF-8"?>
<!-- Generated by org.testng.reporters.JUnitReportReporter -->
<testsuite hostname="DESKTOP-CJN9AFV" failures="0" tests="3" name="ex_05_TestNGExamples.APITesting_Soft_VS_HARD_AlwaysRun" time="0.090" errors="0" timestamp="2025-08-24T00:29:38 IST" skipped="0">
  <testcase classname="ex_05_TestNGExamples.APITesting_Soft_VS_HARD_AlwaysRun" name="login" time="0.082"/>
  <testcase classname="ex_05_TestNGExamples.APITesting_Soft_VS_HARD_AlwaysRun" name="placeOrder" time="0.004"/>
  <testcase classname="ex_05_TestNGExamples.APITesting_Soft_VS_HARD_AlwaysRun" name="closeBrowser" time="0.004"/>
</testsuite> <!-- ex_05_TestNGExamples.APITesting_Soft_VS_HARD_AlwaysRun -->
