<?xml version="1.0" encoding="UTF-8"?>
<!-- Generated by org.testng.reporters.JUnitReportReporter -->
<testsuite hostname="DESKTOP-CJN9AFV" failures="0" tests="1" name="ex_03_TestNG_AllureReoprt.TempTestNG" time="0.095" errors="0" timestamp="2025-08-23T13:38:18 IST" skipped="0">
  <testcase classname="ex_03_TestNG_AllureReoprt.TempTestNG" name="test_mangesh" time="0.095"/>
</testsuite> <!-- ex_03_TestNG_AllureReoprt.TempTestNG -->
