<?xml version="1.0" encoding="UTF-8"?>
<!-- Generated by org.testng.reporters.JUnitReportReporter -->
<testsuite hostname="DESKTOP-CJN9AFV" failures="0" tests="1" name="ex_05_TestNGExamples.parallel.class_level_cross_browser_Testing.ChromeTest" time="0.105" errors="0" timestamp="2025-08-24T09:46:37 IST" skipped="0">
  <testcase classname="ex_05_TestNGExamples.parallel.class_level_cross_browser_Testing.ChromeTest" name="test_chrome_2" time="0.105"/>
</testsuite> <!-- ex_05_TestNGExamples.parallel.class_level_cross_browser_Testing.ChromeTest -->
