<?xml version="1.0" encoding="UTF-8"?>
<!-- Generated by org.testng.reporters.JUnitReportReporter -->
<testsuite hostname="DESKTOP-CJN9AFV" failures="0" tests="2" name="ex_00_Task.Lab_5August.RestfulBooker_Get_Post_Requests_UsingTestNG" time="6.189" errors="0" timestamp="2025-08-24T19:25:45 IST" skipped="0">
  <testcase classname="ex_00_Task.Lab_5August.RestfulBooker_Get_Post_Requests_UsingTestNG" name="get" time="4.460"/>
  <testcase classname="ex_00_Task.Lab_5August.RestfulBooker_Get_Post_Requests_UsingTestNG" name="post" time="1.729"/>
</testsuite> <!-- ex_00_Task.Lab_5August.RestfulBooker_Get_Post_Requests_UsingTestNG -->
