<?xml version="1.0" encoding="UTF-8"?>
<!-- Generated by org.testng.reporters.JUnitReportReporter -->
<testsuite hostname="DESKTOP-CJN9AFV" failures="0" tests="1" name="ex_04_RestAssured_HTTP_Methods.PUT.APITesting_PUT_NONBddStyle" time="3.992" errors="0" timestamp="2025-08-23T19:18:42 IST" skipped="0">
  <testcase classname="ex_04_RestAssured_HTTP_Methods.PUT.APITesting_PUT_NONBddStyle" name="test_put_non_bdd" time="3.992"/>
</testsuite> <!-- ex_04_RestAssured_HTTP_Methods.PUT.APITesting_PUT_NONBddStyle -->
