<?xml version="1.0" encoding="UTF-8"?>
<!-- Generated by org.testng.reporters.JUnitReportReporter -->
<testsuite hostname="DESKTOP-CJN9AFV" failures="0" tests="1" name="ex_05_TestNGExamples.APITesting015_BeforeTest" time="0.064" errors="0" timestamp="2025-08-23T23:19:45 IST" skipped="0">
  <testcase classname="ex_05_TestNGExamples.APITesting015_BeforeTest" name="test_PUT" time="0.064"/>
</testsuite> <!-- ex_05_TestNGExamples.APITesting015_BeforeTest -->
