<?xml version="1.0" encoding="UTF-8"?>
<!-- Generated by org.testng.reporters.JUnitReportReporter -->
<testsuite hostname="DESKTOP-CJN9AFV" failures="0" tests="1" name="ex_04_RestAssured_HTTP_Methods.POST.APITesting010_POST_NonBDDStyle" time="4.420" errors="0" timestamp="2025-08-23T17:43:35 IST" skipped="0">
  <testcase classname="ex_04_RestAssured_HTTP_Methods.POST.APITesting010_POST_NonBDDStyle" name="test_POST_NonBDDStyle_Create_Token" time="4.420"/>
</testsuite> <!-- ex_04_RestAssured_HTTP_Methods.POST.APITesting010_POST_NonBDDStyle -->
