<?xml version="1.0" encoding="UTF-8"?>
<!-- Generated by org.testng.reporters.JUnitReportReporter -->
<testsuite hostname="DESKTOP-CJN9AFV" failures="0" tests="3" name="ex_05_TestNGExamples.APITesting021_TestNG_AlwaysRun" time="0.148" errors="0" timestamp="2025-08-24T00:23:10 IST" skipped="0">
  <testcase classname="ex_05_TestNGExamples.APITesting021_TestNG_AlwaysRun" name="test_normal" time="0.005"/>
  <testcase classname="ex_05_TestNGExamples.APITesting021_TestNG_AlwaysRun" name="test_loginPage" time="0.137"/>
  <testcase classname="ex_05_TestNGExamples.APITesting021_TestNG_AlwaysRun" name="test_new_register" time="0.006"/>
</testsuite> <!-- ex_05_TestNGExamples.APITesting021_TestNG_AlwaysRun -->
