<?xml version="1.0" encoding="UTF-8"?>
<!-- Generated by org.testng.reporters.JUnitReportReporter -->
<testsuite hostname="DESKTOP-CJN9AFV" failures="0" tests="3" name="ex_05_TestNGExamples.APITesting018_TestNG_DependsOnMethod" time="0.084" errors="0" timestamp="2025-08-24T00:10:00 IST" skipped="0">
  <testcase classname="ex_05_TestNGExamples.APITesting018_TestNG_DependsOnMethod" name="serverStartedOk" time="0.077"/>
  <testcase classname="ex_05_TestNGExamples.APITesting018_TestNG_DependsOnMethod" name="test2" time="0.004"/>
  <testcase classname="ex_05_TestNGExamples.APITesting018_TestNG_DependsOnMethod" name="test1" time="0.003"/>
</testsuite> <!-- ex_05_TestNGExamples.APITesting018_TestNG_DependsOnMethod -->
