<?xml version="1.0" encoding="UTF-8"?>
<!-- Generated by org.testng.reporters.JUnitReportReporter -->
<testsuite hostname="DESKTOP-CJN9AFV" failures="0" tests="1" name="ex_05_TestNGExamples.APITesting019_TestNG_Parameter" time="0.076" errors="0" timestamp="2025-08-24T00:19:56 IST" skipped="0">
  <testcase classname="ex_05_TestNGExamples.APITesting019_TestNG_Parameter" name="demo1" time="0.076"/>
</testsuite> <!-- ex_05_TestNGExamples.APITesting019_TestNG_Parameter -->
