<?xml version="1.0" encoding="UTF-8"?>
<!-- Generated by org.testng.reporters.JUnitReportReporter -->
<testsuite hostname="DESKTOP-CJN9AFV" failures="0" tests="1" name="ex_04_RestAssured_HTTP_Methods.PATCH.APITesting012_PATCH_NONBddStyle" time="3.929" errors="0" timestamp="2025-08-23T19:18:58 IST" skipped="0">
  <testcase classname="ex_04_RestAssured_HTTP_Methods.PATCH.APITesting012_PATCH_NONBddStyle" name="test_patch_non_bdd" time="3.929"/>
</testsuite> <!-- ex_04_RestAssured_HTTP_Methods.PATCH.APITesting012_PATCH_NONBddStyle -->
