<?xml version="1.0" encoding="UTF-8"?>
<!-- Generated by org.testng.reporters.JUnitReportReporter -->
<testsuite hostname="DESKTOP-CJN9AFV" failures="0" tests="1" name="ex_05_TestNGExamples.parallel.test_level.UISmoke" time="0.219" errors="0" timestamp="2025-08-24T09:57:18 IST" skipped="0">
  <testcase classname="ex_05_TestNGExamples.parallel.test_level.UISmoke" name="test_UI_Smoke" time="0.219"/>
</testsuite> <!-- ex_05_TestNGExamples.parallel.test_level.UISmoke -->
