<?xml version="1.0" encoding="UTF-8"?>
<!-- Generated by org.testng.reporters.JUnitReportReporter -->
<testsuite hostname="DESKTOP-CJN9AFV" failures="0" tests="1" name="ex_04_RestAssured_HTTP_Methods.GET.APITesting009_HEAD_NonBDDStyle" time="4.230" errors="0" timestamp="2025-08-23T19:27:24 IST" skipped="0">
  <testcase classname="ex_04_RestAssured_HTTP_Methods.GET.APITesting009_HEAD_NonBDDStyle" name="test_HEAD_NonBDD" time="4.230"/>
</testsuite> <!-- ex_04_RestAssured_HTTP_Methods.GET.APITesting009_HEAD_NonBDDStyle -->
